0 info it worked if it ends with ok
1 verbose cli [ 'C:\\Program Files\\nodejs\\\\node.exe',
1 verbose cli   'C:\\Program Files\\nodejs\\node_modules\\npm\\bin\\npm-cli.js',
1 verbose cli   'install',
1 verbose cli   '-g',
1 verbose cli   'cordova@3.7.0' ]
2 info using npm@2.7.4
3 info using node@v0.12.2
4 verbose node symlink C:\Program Files\nodejs\\node.exe
5 silly cache add args [ 'cordova@3.7.0', null ]
6 verbose cache add spec cordova@3.7.0
7 silly cache add parsed spec { raw: 'cordova@3.7.0',
7 silly cache add   scope: null,
7 silly cache add   name: 'cordova',
7 silly cache add   rawSpec: '3.7.0',
7 silly cache add   spec: '3.7.0',
7 silly cache add   type: 'version' }
8 verbose addNamed cordova@3.7.0
9 silly addNamed semver.valid 3.7.0
10 silly addNamed semver.validRange 3.7.0
11 silly mapToRegistry name cordova
12 silly mapToRegistry using default registry
13 silly mapToRegistry registry https://registry.npmjs.org/
14 silly mapToRegistry uri https://registry.npmjs.org/cordova
15 verbose addNameVersion registry:https://registry.npmjs.org/cordova not in flight; fetching
16 verbose request uri https://registry.npmjs.org/cordova
17 verbose request no auth needed
18 info attempt registry request try #1 at 16:43:37
19 verbose request id 83d146aecdccdaa4
20 verbose etag "86W63ZQSRX6WYLOQSUFFARY0N"
21 http request GET https://registry.npmjs.org/cordova
22 http 304 https://registry.npmjs.org/cordova
23 silly get cb [ 304,
23 silly get   { date: 'Wed, 24 Jun 2015 19:43:37 GMT',
23 silly get     via: '1.1 varnish',
23 silly get     'cache-control': 'max-age=60',
23 silly get     etag: '"86W63ZQSRX6WYLOQSUFFARY0N"',
23 silly get     age: '12',
23 silly get     connection: 'keep-alive',
23 silly get     'x-served-by': 'cache-atl6226-ATL',
23 silly get     'x-cache': 'HIT',
23 silly get     'x-cache-hits': '1',
23 silly get     'x-timer': 'S1435175017.702515,VS0,VE6',
23 silly get     vary: 'Accept' } ]
24 verbose etag https://registry.npmjs.org/cordova from cache
25 verbose get saving cordova to C:\Users\20101_000\AppData\Roaming\npm-cache\registry.npmjs.org\cordova\.cache.json
26 verbose stack Error: version not found: cordova@3.7.0
26 verbose stack     at setData (C:\Program Files\nodejs\node_modules\npm\lib\cache\add-named.js:122:12)
26 verbose stack     at RES (C:\Program Files\nodejs\node_modules\npm\node_modules\inflight\inflight.js:23:14)
26 verbose stack     at f (C:\Program Files\nodejs\node_modules\npm\node_modules\once\once.js:17:25)
26 verbose stack     at saved (C:\Program Files\nodejs\node_modules\npm\lib\cache\caching-client.js:173:7)
26 verbose stack     at FSReqWrap.oncomplete (fs.js:95:15)
27 verbose statusCode 404
28 verbose cwd C:\Users\20101_000\Documents\Visual Studio 2013\Projects\BlankCordovaApp4\BlankCordovaApp4
29 error Windows_NT 6.3.9600
30 error argv "C:\\Program Files\\nodejs\\\\node.exe" "C:\\Program Files\\nodejs\\node_modules\\npm\\bin\\npm-cli.js" "install" "-g" "cordova@3.7.0"
31 error node v0.12.2
32 error npm  v2.7.4
33 error version not found: cordova@3.7.0
34 error If you need help, you may report this error at:
34 error     <https://github.com/npm/npm/issues>
35 verbose exit [ 1, true ]
